2024-11-09 16:19:13,729 - INFO - User 11222 logged in successfully
2024-11-09 16:19:13,914 - ERROR - Failed to update status bar: 'NoneType' object is not subscriptable
2024-11-09 16:19:29,118 - INFO - User 1334 logged in successfully
2024-11-09 16:19:29,252 - ERROR - Failed to update status bar: 'NoneType' object is not subscriptable
2024-11-09 16:19:38,086 - INFO - Started sharing Presentation.pdf
2024-11-09 16:19:46,695 - INFO - Started downloading Presentation.pdf.torrent
2024-11-09 16:20:19,092 - INFO - User 11122 logged in successfully
2024-11-09 16:20:20,051 - ERROR - Failed to update status bar: 'NoneType' object is not subscriptable
2024-11-09 16:20:28,570 - INFO - Started downloading Presentation.pdf.torrent
2024-11-09 16:20:52,580 - INFO - Disconnected peer: -PY0001-F1K3xuBUNOs5
2024-11-09 16:23:25,568 - INFO - User 11233 logged in successfully
2024-11-09 16:23:25,742 - ERROR - Failed to update status bar: 'NoneType' object is not subscriptable
2024-11-09 16:23:34,502 - INFO - User 12233 logged in successfully
2024-11-09 16:23:34,591 - ERROR - Failed to update status bar: 'NoneType' object is not subscriptable
2024-11-09 16:23:35,602 - ERROR - Failed to update status bar: 'NoneType' object is not subscriptable
2024-11-09 16:23:42,377 - INFO - Started sharing Presentation.pdf
2024-11-09 16:23:49,055 - INFO - Started downloading Presentation.pdf.torrent
2024-11-09 16:24:07,214 - INFO - Disconnected peer: -PY0001-qjxrYmgRoj3B
2024-11-09 16:28:09,676 - INFO - User 12344 logged in successfully
2024-11-09 16:28:10,379 - ERROR - Failed to update status bar: 'NoneType' object is not subscriptable
2024-11-09 16:28:18,414 - INFO - User 22222 logged in successfully
2024-11-09 16:28:19,035 - ERROR - Failed to update status bar: 'NoneType' object is not subscriptable
2024-11-09 16:28:25,617 - INFO - Started sharing Presentation.pdf
2024-11-09 16:28:44,537 - INFO - Started downloading Presentation.pdf.torrent
2024-11-09 16:29:02,681 - INFO - Disconnected peer: -PY0001-AZTn7lsCVXyO
2024-11-09 16:30:47,374 - INFO - User 111222 logged in successfully
2024-11-09 16:30:48,381 - ERROR - Failed to update status bar: 'NoneType' object is not subscriptable
2024-11-09 16:30:55,487 - INFO - User 222333 logged in successfully
2024-11-09 16:30:56,268 - ERROR - Failed to update status bar: 'NoneType' object is not subscriptable
2024-11-09 16:31:04,242 - INFO - Started sharing Presentation.pdf
2024-11-09 16:31:15,745 - INFO - Started downloading Presentation.pdf.torrent
2024-11-09 16:31:25,833 - INFO - Disconnected peer: -PY0001-UeZ8uxQdLMJl
2024-11-09 16:34:12,257 - INFO - User 122444 logged in successfully
2024-11-09 16:34:14,889 - INFO - User 222 logged in successfully
2024-11-09 16:34:18,789 - INFO - Started sharing Presentation.pdf
2024-11-09 16:34:25,617 - INFO - Started downloading Presentation.pdf.torrent
2024-11-09 16:34:41,744 - INFO - Disconnected peer: -PY0001-cY7lbNdp1q96
2024-11-09 16:51:24,849 - INFO - User 123 logged in successfully
2024-11-09 16:51:24,968 - ERROR - Failed to update status bar: 'NoneType' object is not subscriptable
2024-11-09 16:51:32,662 - INFO - User 11122 logged in successfully
2024-11-09 16:51:33,386 - ERROR - Failed to update status bar: 'NoneType' object is not subscriptable
2024-11-09 16:51:41,648 - INFO - Started sharing Presentation.pdf
2024-11-09 16:51:49,396 - INFO - Started downloading Presentation.pdf.torrent
2024-11-09 16:51:56,458 - INFO - Disconnected peer: -PY0001-6gZIR4GJMEJX
2024-11-09 16:52:02,502 - INFO - Disconnected peer: -PY0001-o1Dt3BI0dYIn
2024-11-09 19:41:29,126 - INFO - User 1223 logged in successfully
2024-11-09 19:41:30,018 - ERROR - Failed to update status bar: 'NoneType' object is not subscriptable
2024-11-09 19:42:07,289 - ERROR - Failed to scrape: [Errno 2] No such file or directory: ''
2024-11-09 19:43:36,622 - INFO - Started sharing Presentation.pdf
2024-11-09 19:43:55,861 - INFO - Started scraping 1123013.jpg.torrent
2024-11-09 19:44:15,236 - ERROR - Failed to disconnect peer: [WinError 10061] No connection could be made because the target machine actively refused it
2024-11-09 19:44:20,091 - ERROR - Failed to disconnect peer: [WinError 10061] No connection could be made because the target machine actively refused it
2024-11-09 19:49:10,124 - INFO - User 11123 logged in successfully
2024-11-09 19:49:10,930 - ERROR - Failed to update status bar: 'NoneType' object is not subscriptable
2024-11-09 19:49:34,924 - INFO - Started sharing UC_1_logout.drawio
2024-11-09 19:50:17,276 - INFO - Started sharing 0_NCKH_ThayHoai
2024-11-09 19:50:34,272 - INFO - User 22234 logged in successfully
2024-11-09 19:50:34,694 - ERROR - Failed to update status bar: 'NoneType' object is not subscriptable
2024-11-09 19:50:54,431 - INFO - Started scraping 0_NCKH_ThayHoai.torrent
2024-11-09 19:51:37,771 - INFO - Disconnected peer: -PY0001-rinyqqnaT4rE
2024-11-09 19:52:43,741 - INFO - Started sharing DSC_2729 copy.jpg
2024-11-09 19:52:55,570 - ERROR - Failed to scrape: [Errno 2] No such file or directory: ''
2024-11-09 19:53:04,929 - INFO - Disconnected peer: -PY0001-ejP2eU1oenui
2024-11-09 19:53:19,401 - INFO - Started scraping DSC_2729 copy.jpg.torrent
2024-11-09 19:53:42,174 - INFO - Started downloading DSC_2729 copy.jpg.torrent
2024-11-09 19:54:00,347 - INFO - Disconnected peer: -PY0001-SSu70o30onNG
2024-11-09 19:54:29,121 - INFO - Started sharing Presentation.pdf
2024-11-09 19:54:43,962 - INFO - Started downloading Presentation.pdf.torrent
2024-11-09 19:54:57,105 - INFO - Disconnected peer: -PY0001-tq2MaWQjOxU6
2024-11-09 19:55:06,294 - INFO - Disconnected peer: -PY0001-8XvWbppURmoa
2024-11-09 19:55:07,729 - INFO - Disconnected peer: -PY0001-t4l0GTERlHmj
2024-11-09 19:55:08,839 - INFO - Disconnected peer: -PY0001-HmBdnXERRZId
2024-11-09 19:55:12,239 - INFO - Disconnected peer: -PY0001-ZWGw3EjS9IIJ
2024-11-10 09:57:17,197 - INFO - User ee logged in successfully
2024-11-10 09:57:18,127 - ERROR - Failed to update status bar: 'NoneType' object is not subscriptable
2024-11-13 16:13:24,779 - INFO - User 1234 logged in successfully
2024-11-13 16:13:25,317 - ERROR - Failed to update status bar: 'NoneType' object is not subscriptable
2024-11-13 16:13:36,051 - INFO - User 2223 logged in successfully
2024-11-13 16:13:36,879 - ERROR - Failed to update status bar: 'NoneType' object is not subscriptable
2024-11-13 16:13:54,848 - INFO - User 222222333 logged in successfully
2024-11-13 16:13:55,400 - ERROR - Failed to update status bar: 'NoneType' object is not subscriptable
2024-11-13 16:15:49,661 - INFO - User jkjjijjiii logged in successfully
2024-11-13 16:15:50,439 - ERROR - Failed to update status bar: 'NoneType' object is not subscriptable
2024-11-13 16:16:10,003 - INFO - Started sharing src
2024-11-13 16:18:15,884 - INFO - User 222222222222333 logged in successfully
2024-11-13 16:18:16,313 - ERROR - Failed to update status bar: 'NoneType' object is not subscriptable
2024-11-13 16:18:26,221 - INFO - Started sharing TestFolder
2024-11-13 16:19:48,698 - INFO - User 222222233 logged in successfully
2024-11-13 16:19:49,429 - ERROR - Failed to update status bar: 'NoneType' object is not subscriptable
2024-11-13 16:20:07,421 - INFO - Started sharing TestFolder
2024-11-13 16:20:24,953 - INFO - User 111111111111111111122 logged in successfully
2024-11-13 16:20:25,300 - ERROR - Failed to update status bar: 'NoneType' object is not subscriptable
2024-11-13 16:20:39,833 - INFO - User 22223344 logged in successfully
2024-11-13 16:20:40,655 - ERROR - Failed to update status bar: 'NoneType' object is not subscriptable
2024-11-13 16:21:13,519 - INFO - Started downloading TestFolder.torrent
2024-11-13 16:22:25,196 - INFO - User 223 logged in successfully
2024-11-13 16:22:25,348 - ERROR - Failed to update status bar: 'NoneType' object is not subscriptable
2024-11-13 16:22:40,247 - INFO - Started sharing TestFolder
2024-11-13 16:22:53,658 - INFO - User 2223333 logged in successfully
2024-11-13 16:22:54,219 - ERROR - Failed to update status bar: 'NoneType' object is not subscriptable
2024-11-13 16:22:55,221 - ERROR - Failed to update status bar: 'NoneType' object is not subscriptable
2024-11-13 16:23:08,403 - INFO - Started downloading TestFolder.torrent
2024-11-13 16:32:59,329 - INFO - User 12233 logged in successfully
2024-11-13 16:32:59,502 - ERROR - Failed to update status bar: 'NoneType' object is not subscriptable
2024-11-13 16:33:41,315 - INFO - User 2233 logged in successfully
2024-11-13 16:33:41,599 - ERROR - Failed to update status bar: 'NoneType' object is not subscriptable
2024-11-13 16:34:06,459 - INFO - Started sharing TestFolder
2024-11-13 16:34:15,324 - INFO - User 223 logged in successfully
2024-11-13 16:34:16,058 - ERROR - Failed to update status bar: 'NoneType' object is not subscriptable
2024-11-13 16:34:30,309 - INFO - Started downloading TestFolder.torrent
2024-11-13 16:39:48,832 - INFO - User 1122 logged in successfully
2024-11-13 16:39:49,069 - ERROR - Failed to update status bar: 'NoneType' object is not subscriptable
2024-11-13 16:40:42,929 - INFO - User 1223 logged in successfully
2024-11-13 16:40:43,354 - ERROR - Failed to update status bar: 'NoneType' object is not subscriptable
2024-11-13 16:40:48,450 - INFO - Started sharing UC_3_3_2_View_Event_Progress.drawio
2024-11-13 16:40:59,821 - INFO - User 223444 logged in successfully
2024-11-13 16:41:00,702 - ERROR - Failed to update status bar: 'NoneType' object is not subscriptable
2024-11-13 16:41:07,254 - ERROR - Failed to add torrent: can only concatenate str (not "bytes") to str
2024-11-13 16:48:24,368 - INFO - User 221 logged in successfully
2024-11-13 16:48:25,346 - ERROR - Failed to update status bar: 'NoneType' object is not subscriptable
2024-11-13 16:48:33,325 - INFO - Started sharing UC_3_3_2_View_Event_Progress.drawio
2024-11-13 16:48:41,664 - INFO - Started downloading UC_3_3_2_View_Event_Progress.drawio.torrent
2024-11-13 16:48:52,767 - INFO - Disconnected peer: -PY0001-2zRoV8tPdzVC
2024-11-13 16:48:57,794 - INFO - Disconnected peer: -PY0001-eUYZnIc0pKcI
2024-11-13 16:49:17,947 - INFO - Started sharing TestFolder
2024-11-13 16:49:28,973 - INFO - Started downloading TestFolder.torrent
2024-11-13 16:49:50,189 - INFO - Disconnected peer: -PY0001-dpHtI98gxzZu
2024-11-13 16:49:51,188 - INFO - Disconnected peer: -PY0001-IUsiiTN44Cz3
2024-11-13 16:51:06,783 - INFO - User 213 logged in successfully
2024-11-13 16:51:06,856 - ERROR - Failed to update status bar: 'NoneType' object is not subscriptable
2024-11-13 16:51:14,474 - INFO - Started sharing UC_3_3_general_event_management.drawio
2024-11-13 16:51:23,560 - INFO - Started downloading UC_3_3_general_event_management.drawio.torrent
2024-11-13 16:51:48,484 - INFO - Started sharing TestFolder
2024-11-13 16:52:07,616 - INFO - User 2324 logged in successfully
2024-11-13 16:52:08,321 - ERROR - Failed to update status bar: 'NoneType' object is not subscriptable
2024-11-13 16:52:32,222 - INFO - Started downloading TestFolder.torrent
2024-11-13 16:56:51,909 - INFO - User 2334 logged in successfully
2024-11-13 16:56:52,726 - ERROR - Failed to update status bar: 'NoneType' object is not subscriptable
2024-11-13 16:57:06,707 - INFO - Started sharing TestFolder
2024-11-13 16:57:27,744 - INFO - User 124 logged in successfully
2024-11-13 16:57:37,394 - INFO - Started sharing TestFolder
2024-11-13 16:57:46,391 - INFO - User 124 logged in successfully
2024-11-13 16:57:46,946 - ERROR - Failed to update status bar: 'NoneType' object is not subscriptable
2024-11-13 16:57:55,465 - INFO - Started downloading TestFolder.torrent
2024-11-13 16:59:33,906 - INFO - User 124 logged in successfully
2024-11-13 16:59:34,601 - ERROR - Failed to update status bar: 'NoneType' object is not subscriptable
2024-11-13 16:59:45,829 - INFO - Started sharing TestFolder
2024-11-13 16:59:54,192 - INFO - User 244 logged in successfully
2024-11-13 16:59:54,461 - ERROR - Failed to update status bar: 'NoneType' object is not subscriptable
2024-11-13 17:00:06,089 - INFO - Started downloading TestFolder.torrent
2024-11-13 17:14:27,494 - INFO - User 12444 logged in successfully
2024-11-13 17:14:28,192 - ERROR - Failed to update status bar: 'NoneType' object is not subscriptable
2024-11-13 17:14:44,178 - INFO - Started sharing TestFolder
2024-11-13 17:14:53,252 - INFO - User 12444 logged in successfully
2024-11-13 17:15:01,822 - INFO - Started downloading TestFolder.torrent
2024-11-28 10:20:00,457 - INFO - User ádad logged in successfully
2024-11-28 10:20:00,469 - ERROR - Failed to update status bar: 'NoneType' object is not subscriptable
2024-11-28 10:20:18,001 - INFO - Started sharing ideaIU-2024.2.1.exe
2024-11-28 10:20:39,238 - INFO - User áddsa logged in successfully
2024-11-28 10:20:39,865 - ERROR - Failed to update status bar: 'NoneType' object is not subscriptable
2024-11-28 10:20:59,170 - INFO - Started downloading ideaIU-2024.2.1.exe.torrent
2024-11-28 10:22:54,732 - INFO - User qwwqqw logged in successfully
2024-11-28 10:22:55,193 - ERROR - Failed to update status bar: 'NoneType' object is not subscriptable
2024-11-28 10:22:59,926 - INFO - User wqwq logged in successfully
2024-11-28 10:23:00,396 - ERROR - Failed to update status bar: 'NoneType' object is not subscriptable
2024-11-28 10:23:20,271 - INFO - Started sharing ideaIU-2024.2.1.exe
2024-11-28 10:23:38,596 - INFO - Started downloading ideaIU-2024.2.1.exe.torrent
2024-11-28 10:24:22,083 - INFO - User asas logged in successfully
2024-11-28 10:24:37,737 - INFO - Started sharing ideaIU-2024.2.1.exe
2024-11-28 10:24:52,293 - INFO - User ádassa logged in successfully
2024-11-28 10:24:52,542 - ERROR - Failed to update status bar: 'NoneType' object is not subscriptable
2024-11-28 10:25:35,351 - INFO - Started downloading ideaIU-2024.2.1.exe.torrent
2024-11-28 10:28:40,619 - INFO - User ád logged in successfully
2024-11-28 10:28:40,710 - ERROR - Failed to update status bar: 'NoneType' object is not subscriptable
2024-11-28 10:28:53,996 - INFO - Started sharing ideaIU-2024.2.1.exe
2024-11-28 10:29:04,089 - INFO - User adsd logged in successfully
2024-11-28 10:29:04,739 - ERROR - Failed to update status bar: 'NoneType' object is not subscriptable
2024-11-28 10:29:28,200 - INFO - Started downloading ideaIU-2024.2.1.exe.torrent
2024-11-28 10:30:26,105 - INFO - User ádsd logged in successfully
2024-11-28 10:30:43,314 - INFO - Started sharing ideaIU-2024.2.1.exe
2024-11-28 10:30:52,381 - INFO - User ádad logged in successfully
2024-11-28 10:30:52,519 - ERROR - Failed to update status bar: 'NoneType' object is not subscriptable
2024-11-28 10:31:17,152 - INFO - Started downloading ideaIU-2024.2.1.exe.torrent
2024-11-28 10:32:32,944 - INFO - Started sharing IDM Tweak Assistant v22.6.9.0 by Bambang
2024-11-28 10:32:59,105 - INFO - Started downloading IDM Tweak Assistant v22.6.9.0 by Bambang.torrent
2024-11-28 10:33:38,712 - INFO - Started sharing Programs
2024-11-28 10:34:21,443 - INFO - Started downloading Programs.torrent
2024-11-28 10:41:26,728 - INFO - User asad logged in successfully
2024-11-28 10:41:33,480 - INFO - User ádsd logged in successfully
2024-11-28 10:41:33,945 - ERROR - Failed to update status bar: 'NoneType' object is not subscriptable
2024-11-28 10:41:53,998 - ERROR - Failed to update transfers view: 'TransferRecord' object has no attribute 'current_speed'
2024-11-28 10:41:54,003 - INFO - Started sharing ideaIU-2024.2.1.exe
2024-11-28 10:41:54,004 - ERROR - Failed to update transfers view: 'TransferRecord' object has no attribute 'current_speed'
2024-11-28 10:41:55,044 - ERROR - Failed to update transfers view: 'TransferRecord' object has no attribute 'current_speed'
2024-11-28 10:41:56,052 - ERROR - Failed to update transfers view: 'TransferRecord' object has no attribute 'current_speed'
2024-11-28 10:41:57,058 - ERROR - Failed to update transfers view: 'TransferRecord' object has no attribute 'current_speed'
2024-11-28 10:41:58,078 - ERROR - Failed to update transfers view: 'TransferRecord' object has no attribute 'current_speed'
2024-11-28 10:41:59,083 - ERROR - Failed to update transfers view: 'TransferRecord' object has no attribute 'current_speed'
2024-11-28 10:42:00,086 - ERROR - Failed to update transfers view: 'TransferRecord' object has no attribute 'current_speed'
2024-11-28 10:42:01,087 - ERROR - Failed to update transfers view: 'TransferRecord' object has no attribute 'current_speed'
2024-11-28 10:42:02,101 - ERROR - Failed to update transfers view: 'TransferRecord' object has no attribute 'current_speed'
2024-11-28 10:42:03,106 - ERROR - Failed to update transfers view: 'TransferRecord' object has no attribute 'current_speed'
2024-11-28 10:42:04,114 - ERROR - Failed to update transfers view: 'TransferRecord' object has no attribute 'current_speed'
2024-11-28 10:42:05,115 - ERROR - Failed to update transfers view: 'TransferRecord' object has no attribute 'current_speed'
2024-11-28 10:42:06,116 - ERROR - Failed to update transfers view: 'TransferRecord' object has no attribute 'current_speed'
2024-11-28 10:42:07,128 - ERROR - Failed to update transfers view: 'TransferRecord' object has no attribute 'current_speed'
2024-11-28 10:42:08,130 - ERROR - Failed to update transfers view: 'TransferRecord' object has no attribute 'current_speed'
2024-11-28 10:42:09,134 - ERROR - Failed to update transfers view: 'TransferRecord' object has no attribute 'current_speed'
2024-11-28 10:42:10,137 - ERROR - Failed to update transfers view: 'TransferRecord' object has no attribute 'current_speed'
2024-11-28 10:42:10,552 - INFO - Started downloading ideaIU-2024.2.1.exe.torrent
2024-11-28 10:42:11,146 - ERROR - Failed to update transfers view: 'TransferRecord' object has no attribute 'current_speed'
2024-11-28 10:42:12,156 - ERROR - Failed to update transfers view: 'TransferRecord' object has no attribute 'current_speed'
2024-11-28 10:42:13,161 - ERROR - Failed to update transfers view: 'TransferRecord' object has no attribute 'current_speed'
2024-11-28 10:42:14,163 - ERROR - Failed to update transfers view: 'TransferRecord' object has no attribute 'current_speed'
2024-11-28 10:42:15,166 - ERROR - Failed to update transfers view: 'TransferRecord' object has no attribute 'current_speed'
2024-11-28 10:42:16,172 - ERROR - Failed to update transfers view: 'TransferRecord' object has no attribute 'current_speed'
2024-11-28 10:42:17,175 - ERROR - Failed to update transfers view: 'TransferRecord' object has no attribute 'current_speed'
2024-11-28 10:42:18,177 - ERROR - Failed to update transfers view: 'TransferRecord' object has no attribute 'current_speed'
2024-11-28 10:42:19,177 - ERROR - Failed to update transfers view: 'TransferRecord' object has no attribute 'current_speed'
2024-11-28 10:42:20,178 - ERROR - Failed to update transfers view: 'TransferRecord' object has no attribute 'current_speed'
2024-11-28 10:42:21,191 - ERROR - Failed to update transfers view: 'TransferRecord' object has no attribute 'current_speed'
2024-11-28 10:42:22,193 - ERROR - Failed to update transfers view: 'TransferRecord' object has no attribute 'current_speed'
2024-11-28 10:42:23,200 - ERROR - Failed to update transfers view: 'TransferRecord' object has no attribute 'current_speed'
2024-11-28 10:42:24,202 - ERROR - Failed to update transfers view: 'TransferRecord' object has no attribute 'current_speed'
2024-11-28 10:42:25,212 - ERROR - Failed to update transfers view: 'TransferRecord' object has no attribute 'current_speed'
2024-11-28 10:42:26,212 - ERROR - Failed to update transfers view: 'TransferRecord' object has no attribute 'current_speed'
2024-11-28 10:42:27,215 - ERROR - Failed to update transfers view: 'TransferRecord' object has no attribute 'current_speed'
2024-11-28 10:42:28,218 - ERROR - Failed to update transfers view: 'TransferRecord' object has no attribute 'current_speed'
2024-11-28 10:42:29,223 - ERROR - Failed to update transfers view: 'TransferRecord' object has no attribute 'current_speed'
2024-11-28 10:42:30,226 - ERROR - Failed to update transfers view: 'TransferRecord' object has no attribute 'current_speed'
2024-11-28 10:42:31,237 - ERROR - Failed to update transfers view: 'TransferRecord' object has no attribute 'current_speed'
2024-11-28 10:42:32,241 - ERROR - Failed to update transfers view: 'TransferRecord' object has no attribute 'current_speed'
2024-11-28 10:42:33,245 - ERROR - Failed to update transfers view: 'TransferRecord' object has no attribute 'current_speed'
2024-11-28 10:42:34,250 - ERROR - Failed to update transfers view: 'TransferRecord' object has no attribute 'current_speed'
2024-11-28 10:42:35,255 - ERROR - Failed to update transfers view: 'TransferRecord' object has no attribute 'current_speed'
2024-11-28 10:42:36,256 - ERROR - Failed to update transfers view: 'TransferRecord' object has no attribute 'current_speed'
2024-11-28 10:42:37,264 - ERROR - Failed to update transfers view: 'TransferRecord' object has no attribute 'current_speed'
2024-11-28 10:42:38,265 - ERROR - Failed to update transfers view: 'TransferRecord' object has no attribute 'current_speed'
2024-11-28 10:42:39,271 - ERROR - Failed to update transfers view: 'TransferRecord' object has no attribute 'current_speed'
2024-11-28 10:42:40,274 - ERROR - Failed to update transfers view: 'TransferRecord' object has no attribute 'current_speed'
2024-11-28 10:42:41,274 - ERROR - Failed to update transfers view: 'TransferRecord' object has no attribute 'current_speed'
2024-11-28 10:42:42,279 - ERROR - Failed to update transfers view: 'TransferRecord' object has no attribute 'current_speed'
2024-11-28 10:42:43,284 - ERROR - Failed to update transfers view: 'TransferRecord' object has no attribute 'current_speed'
2024-11-28 10:42:44,286 - ERROR - Failed to update transfers view: 'TransferRecord' object has no attribute 'current_speed'
2024-11-28 10:42:45,287 - ERROR - Failed to update transfers view: 'TransferRecord' object has no attribute 'current_speed'
2024-11-28 10:42:46,287 - ERROR - Failed to update transfers view: 'TransferRecord' object has no attribute 'current_speed'
2024-11-28 10:42:47,288 - ERROR - Failed to update transfers view: 'TransferRecord' object has no attribute 'current_speed'
2024-11-28 10:42:48,290 - ERROR - Failed to update transfers view: 'TransferRecord' object has no attribute 'current_speed'
2024-11-28 10:42:49,298 - ERROR - Failed to update transfers view: 'TransferRecord' object has no attribute 'current_speed'
2024-11-28 10:42:50,301 - ERROR - Failed to update transfers view: 'TransferRecord' object has no attribute 'current_speed'
2024-11-28 10:42:51,302 - ERROR - Failed to update transfers view: 'TransferRecord' object has no attribute 'current_speed'
2024-11-28 10:42:52,305 - ERROR - Failed to update transfers view: 'TransferRecord' object has no attribute 'current_speed'
2024-11-28 10:42:53,307 - ERROR - Failed to update transfers view: 'TransferRecord' object has no attribute 'current_speed'
2024-11-28 10:42:54,315 - ERROR - Failed to update transfers view: 'TransferRecord' object has no attribute 'current_speed'
2024-11-28 10:42:55,318 - ERROR - Failed to update transfers view: 'TransferRecord' object has no attribute 'current_speed'
2024-11-28 10:42:56,319 - ERROR - Failed to update transfers view: 'TransferRecord' object has no attribute 'current_speed'
2024-11-28 10:42:57,323 - ERROR - Failed to update transfers view: 'TransferRecord' object has no attribute 'current_speed'
2024-11-28 10:42:58,326 - ERROR - Failed to update transfers view: 'TransferRecord' object has no attribute 'current_speed'
2024-11-28 10:42:59,330 - ERROR - Failed to update transfers view: 'TransferRecord' object has no attribute 'current_speed'
2024-11-28 10:43:00,333 - ERROR - Failed to update transfers view: 'TransferRecord' object has no attribute 'current_speed'
2024-11-28 10:43:01,336 - ERROR - Failed to update transfers view: 'TransferRecord' object has no attribute 'current_speed'
2024-11-28 10:43:02,346 - ERROR - Failed to update transfers view: 'TransferRecord' object has no attribute 'current_speed'
2024-11-28 10:43:03,352 - ERROR - Failed to update transfers view: 'TransferRecord' object has no attribute 'current_speed'
2024-11-28 10:43:04,367 - ERROR - Failed to update transfers view: 'TransferRecord' object has no attribute 'current_speed'
2024-11-28 10:43:05,371 - ERROR - Failed to update transfers view: 'TransferRecord' object has no attribute 'current_speed'
2024-11-28 10:43:06,384 - ERROR - Failed to update transfers view: 'TransferRecord' object has no attribute 'current_speed'
2024-11-28 10:43:07,387 - ERROR - Failed to update transfers view: 'TransferRecord' object has no attribute 'current_speed'
2024-11-28 10:43:08,388 - ERROR - Failed to update transfers view: 'TransferRecord' object has no attribute 'current_speed'
2024-11-28 10:43:09,397 - ERROR - Failed to update transfers view: 'TransferRecord' object has no attribute 'current_speed'
2024-11-28 10:43:10,412 - ERROR - Failed to update transfers view: 'TransferRecord' object has no attribute 'current_speed'
2024-11-28 10:43:11,413 - ERROR - Failed to update transfers view: 'TransferRecord' object has no attribute 'current_speed'
2024-11-28 10:43:12,428 - ERROR - Failed to update transfers view: 'TransferRecord' object has no attribute 'current_speed'
2024-11-28 10:43:13,428 - ERROR - Failed to update transfers view: 'TransferRecord' object has no attribute 'current_speed'
2024-11-28 10:43:14,443 - ERROR - Failed to update transfers view: 'TransferRecord' object has no attribute 'current_speed'
2024-11-28 10:43:15,448 - ERROR - Failed to update transfers view: 'TransferRecord' object has no attribute 'current_speed'
2024-11-28 10:43:16,450 - ERROR - Failed to update transfers view: 'TransferRecord' object has no attribute 'current_speed'
2024-11-28 10:43:17,459 - ERROR - Failed to update transfers view: 'TransferRecord' object has no attribute 'current_speed'
2024-11-28 10:43:18,474 - ERROR - Failed to update transfers view: 'TransferRecord' object has no attribute 'current_speed'
2024-11-28 10:43:19,474 - ERROR - Failed to update transfers view: 'TransferRecord' object has no attribute 'current_speed'
2024-11-28 10:43:20,475 - ERROR - Failed to update transfers view: 'TransferRecord' object has no attribute 'current_speed'
2024-11-28 10:43:21,475 - ERROR - Failed to update transfers view: 'TransferRecord' object has no attribute 'current_speed'
2024-11-28 10:43:22,480 - ERROR - Failed to update transfers view: 'TransferRecord' object has no attribute 'current_speed'
2024-11-28 10:43:23,490 - ERROR - Failed to update transfers view: 'TransferRecord' object has no attribute 'current_speed'
2024-11-28 10:43:24,492 - ERROR - Failed to update transfers view: 'TransferRecord' object has no attribute 'current_speed'
2024-11-28 10:43:25,496 - ERROR - Failed to update transfers view: 'TransferRecord' object has no attribute 'current_speed'
2024-11-28 10:43:26,502 - ERROR - Failed to update transfers view: 'TransferRecord' object has no attribute 'current_speed'
2024-11-28 10:43:27,506 - ERROR - Failed to update transfers view: 'TransferRecord' object has no attribute 'current_speed'
2024-11-28 10:43:28,508 - ERROR - Failed to update transfers view: 'TransferRecord' object has no attribute 'current_speed'
2024-11-28 10:43:29,520 - ERROR - Failed to update transfers view: 'TransferRecord' object has no attribute 'current_speed'
2024-11-28 10:43:30,522 - ERROR - Failed to update transfers view: 'TransferRecord' object has no attribute 'current_speed'
2024-11-28 10:43:31,522 - ERROR - Failed to update transfers view: 'TransferRecord' object has no attribute 'current_speed'
2024-11-28 10:43:32,523 - ERROR - Failed to update transfers view: 'TransferRecord' object has no attribute 'current_speed'
2024-11-28 10:43:33,527 - ERROR - Failed to update transfers view: 'TransferRecord' object has no attribute 'current_speed'
2024-11-28 10:43:34,538 - ERROR - Failed to update transfers view: 'TransferRecord' object has no attribute 'current_speed'
2024-11-28 10:43:35,540 - ERROR - Failed to update transfers view: 'TransferRecord' object has no attribute 'current_speed'
2024-11-28 10:43:36,547 - ERROR - Failed to update transfers view: 'TransferRecord' object has no attribute 'current_speed'
2024-11-28 10:43:37,551 - ERROR - Failed to update transfers view: 'TransferRecord' object has no attribute 'current_speed'
2024-11-28 10:43:38,551 - ERROR - Failed to update transfers view: 'TransferRecord' object has no attribute 'current_speed'
2024-11-28 10:43:39,556 - ERROR - Failed to update transfers view: 'TransferRecord' object has no attribute 'current_speed'
2024-11-28 10:43:40,564 - ERROR - Failed to update transfers view: 'TransferRecord' object has no attribute 'current_speed'
2024-11-28 10:43:41,564 - ERROR - Failed to update transfers view: 'TransferRecord' object has no attribute 'current_speed'
2024-11-28 10:43:42,569 - ERROR - Failed to update transfers view: 'TransferRecord' object has no attribute 'current_speed'
2024-11-28 10:43:43,584 - ERROR - Failed to update transfers view: 'TransferRecord' object has no attribute 'current_speed'
2024-11-28 10:43:44,596 - ERROR - Failed to update transfers view: 'TransferRecord' object has no attribute 'current_speed'
2024-11-28 10:43:45,600 - ERROR - Failed to update transfers view: 'TransferRecord' object has no attribute 'current_speed'
2024-11-28 10:43:46,602 - ERROR - Failed to update transfers view: 'TransferRecord' object has no attribute 'current_speed'
2024-11-28 10:43:47,614 - ERROR - Failed to update transfers view: 'TransferRecord' object has no attribute 'current_speed'
2024-11-28 10:43:48,615 - ERROR - Failed to update transfers view: 'TransferRecord' object has no attribute 'current_speed'
2024-11-28 10:43:49,616 - ERROR - Failed to update transfers view: 'TransferRecord' object has no attribute 'current_speed'
2024-11-28 10:43:50,631 - ERROR - Failed to update transfers view: 'TransferRecord' object has no attribute 'current_speed'
2024-11-28 10:43:51,636 - ERROR - Failed to update transfers view: 'TransferRecord' object has no attribute 'current_speed'
2024-11-28 10:43:52,646 - ERROR - Failed to update transfers view: 'TransferRecord' object has no attribute 'current_speed'
2024-11-28 10:43:53,648 - ERROR - Failed to update transfers view: 'TransferRecord' object has no attribute 'current_speed'
2024-11-28 10:43:54,661 - ERROR - Failed to update transfers view: 'TransferRecord' object has no attribute 'current_speed'
2024-11-28 10:43:55,662 - ERROR - Failed to update transfers view: 'TransferRecord' object has no attribute 'current_speed'
2024-11-28 10:43:56,666 - ERROR - Failed to update transfers view: 'TransferRecord' object has no attribute 'current_speed'
2024-11-28 10:43:57,678 - ERROR - Failed to update transfers view: 'TransferRecord' object has no attribute 'current_speed'
2024-11-28 10:43:58,679 - ERROR - Failed to update transfers view: 'TransferRecord' object has no attribute 'current_speed'
2024-11-28 10:43:59,686 - ERROR - Failed to update transfers view: 'TransferRecord' object has no attribute 'current_speed'
2024-11-28 10:44:00,688 - ERROR - Failed to update transfers view: 'TransferRecord' object has no attribute 'current_speed'
2024-11-28 10:44:01,690 - ERROR - Failed to update transfers view: 'TransferRecord' object has no attribute 'current_speed'
2024-11-28 10:44:02,693 - ERROR - Failed to update transfers view: 'TransferRecord' object has no attribute 'current_speed'
2024-11-28 10:44:03,696 - ERROR - Failed to update transfers view: 'TransferRecord' object has no attribute 'current_speed'
2024-11-28 10:44:04,702 - ERROR - Failed to update transfers view: 'TransferRecord' object has no attribute 'current_speed'
2024-11-28 10:44:05,709 - ERROR - Failed to update transfers view: 'TransferRecord' object has no attribute 'current_speed'
2024-11-28 10:44:06,722 - ERROR - Failed to update transfers view: 'TransferRecord' object has no attribute 'current_speed'
2024-11-28 10:44:07,726 - ERROR - Failed to update transfers view: 'TransferRecord' object has no attribute 'current_speed'
2024-11-28 10:44:08,727 - ERROR - Failed to update transfers view: 'TransferRecord' object has no attribute 'current_speed'
2024-11-28 10:44:09,728 - ERROR - Failed to update transfers view: 'TransferRecord' object has no attribute 'current_speed'
2024-11-28 10:44:10,739 - ERROR - Failed to update transfers view: 'TransferRecord' object has no attribute 'current_speed'
2024-11-28 10:44:11,740 - ERROR - Failed to update transfers view: 'TransferRecord' object has no attribute 'current_speed'
2024-11-28 10:44:12,744 - ERROR - Failed to update transfers view: 'TransferRecord' object has no attribute 'current_speed'
2024-11-28 10:44:13,748 - ERROR - Failed to update transfers view: 'TransferRecord' object has no attribute 'current_speed'
2024-11-28 10:44:14,755 - ERROR - Failed to update transfers view: 'TransferRecord' object has no attribute 'current_speed'
2024-11-28 10:44:15,760 - ERROR - Failed to update transfers view: 'TransferRecord' object has no attribute 'current_speed'
2024-11-28 10:44:16,761 - ERROR - Failed to update transfers view: 'TransferRecord' object has no attribute 'current_speed'
2024-11-28 10:44:17,768 - ERROR - Failed to update transfers view: 'TransferRecord' object has no attribute 'current_speed'
2024-11-28 10:44:18,769 - ERROR - Failed to update transfers view: 'TransferRecord' object has no attribute 'current_speed'
2024-11-28 10:44:19,771 - ERROR - Failed to update transfers view: 'TransferRecord' object has no attribute 'current_speed'
2024-11-28 10:44:20,779 - ERROR - Failed to update transfers view: 'TransferRecord' object has no attribute 'current_speed'
2024-11-28 10:44:21,790 - ERROR - Failed to update transfers view: 'TransferRecord' object has no attribute 'current_speed'
2024-11-28 10:44:22,801 - ERROR - Failed to update transfers view: 'TransferRecord' object has no attribute 'current_speed'
2024-11-28 10:44:23,802 - ERROR - Failed to update transfers view: 'TransferRecord' object has no attribute 'current_speed'
2024-11-28 10:44:24,816 - ERROR - Failed to update transfers view: 'TransferRecord' object has no attribute 'current_speed'
2024-11-28 10:44:25,817 - ERROR - Failed to update transfers view: 'TransferRecord' object has no attribute 'current_speed'
2024-11-28 10:44:26,818 - ERROR - Failed to update transfers view: 'TransferRecord' object has no attribute 'current_speed'
2024-11-28 10:44:27,820 - ERROR - Failed to update transfers view: 'TransferRecord' object has no attribute 'current_speed'
2024-11-28 10:44:28,820 - ERROR - Failed to update transfers view: 'TransferRecord' object has no attribute 'current_speed'
2024-11-28 10:44:29,825 - ERROR - Failed to update transfers view: 'TransferRecord' object has no attribute 'current_speed'
2024-11-28 10:44:30,834 - ERROR - Failed to update transfers view: 'TransferRecord' object has no attribute 'current_speed'
2024-11-28 10:44:31,834 - ERROR - Failed to update transfers view: 'TransferRecord' object has no attribute 'current_speed'
2024-11-28 10:44:32,842 - ERROR - Failed to update transfers view: 'TransferRecord' object has no attribute 'current_speed'
2024-11-28 10:44:33,848 - ERROR - Failed to update transfers view: 'TransferRecord' object has no attribute 'current_speed'
2024-11-28 10:44:34,850 - ERROR - Failed to update transfers view: 'TransferRecord' object has no attribute 'current_speed'
2024-11-28 10:44:35,852 - ERROR - Failed to update transfers view: 'TransferRecord' object has no attribute 'current_speed'
2024-11-28 10:44:36,856 - ERROR - Failed to update transfers view: 'TransferRecord' object has no attribute 'current_speed'
2024-11-28 10:44:37,865 - ERROR - Failed to update transfers view: 'TransferRecord' object has no attribute 'current_speed'
2024-11-28 10:44:38,866 - ERROR - Failed to update transfers view: 'TransferRecord' object has no attribute 'current_speed'
2024-11-28 10:44:39,872 - ERROR - Failed to update transfers view: 'TransferRecord' object has no attribute 'current_speed'
2024-11-28 10:44:40,880 - ERROR - Failed to update transfers view: 'TransferRecord' object has no attribute 'current_speed'
2024-11-28 10:44:41,895 - ERROR - Failed to update transfers view: 'TransferRecord' object has no attribute 'current_speed'
2024-11-28 10:44:42,900 - ERROR - Failed to update transfers view: 'TransferRecord' object has no attribute 'current_speed'
2024-11-28 10:44:43,913 - ERROR - Failed to update transfers view: 'TransferRecord' object has no attribute 'current_speed'
2024-11-28 10:44:44,913 - ERROR - Failed to update transfers view: 'TransferRecord' object has no attribute 'current_speed'
2024-11-28 10:44:45,914 - ERROR - Failed to update transfers view: 'TransferRecord' object has no attribute 'current_speed'
2024-11-28 10:44:46,921 - ERROR - Failed to update transfers view: 'TransferRecord' object has no attribute 'current_speed'
2024-11-28 10:44:47,924 - ERROR - Failed to update transfers view: 'TransferRecord' object has no attribute 'current_speed'
2024-11-28 10:44:48,930 - ERROR - Failed to update transfers view: 'TransferRecord' object has no attribute 'current_speed'
2024-11-28 10:44:49,934 - ERROR - Failed to update transfers view: 'TransferRecord' object has no attribute 'current_speed'
2024-11-28 10:44:50,936 - ERROR - Failed to update transfers view: 'TransferRecord' object has no attribute 'current_speed'
2024-11-28 10:44:51,942 - ERROR - Failed to update transfers view: 'TransferRecord' object has no attribute 'current_speed'
2024-11-28 10:44:52,943 - ERROR - Failed to update transfers view: 'TransferRecord' object has no attribute 'current_speed'
2024-11-28 10:44:53,954 - ERROR - Failed to update transfers view: 'TransferRecord' object has no attribute 'current_speed'
2024-11-28 10:44:54,961 - ERROR - Failed to update transfers view: 'TransferRecord' object has no attribute 'current_speed'
2024-11-28 10:44:55,962 - ERROR - Failed to update transfers view: 'TransferRecord' object has no attribute 'current_speed'
2024-11-28 10:44:56,967 - ERROR - Failed to update transfers view: 'TransferRecord' object has no attribute 'current_speed'
2024-11-28 10:44:57,974 - ERROR - Failed to update transfers view: 'TransferRecord' object has no attribute 'current_speed'
2024-11-28 10:44:58,976 - ERROR - Failed to update transfers view: 'TransferRecord' object has no attribute 'current_speed'
2024-11-28 10:44:59,988 - ERROR - Failed to update transfers view: 'TransferRecord' object has no attribute 'current_speed'
2024-11-28 10:45:00,989 - ERROR - Failed to update transfers view: 'TransferRecord' object has no attribute 'current_speed'
2024-11-28 11:04:17,062 - INFO - User ádá logged in successfully
2024-11-28 11:04:17,133 - ERROR - Failed to update status bar: 'NoneType' object is not subscriptable
2024-11-28 11:04:23,743 - INFO - User ádsd logged in successfully
2024-11-28 11:04:24,239 - ERROR - Failed to update status bar: 'NoneType' object is not subscriptable
2024-11-28 11:05:01,575 - INFO - Started sharing Lab
2024-11-28 11:05:30,779 - INFO - Started downloading Lab.torrent
2024-11-28 11:06:01,541 - INFO - User ádasd logged in successfully
2024-11-28 11:06:02,083 - ERROR - Failed to update status bar: 'NoneType' object is not subscriptable
2024-11-28 11:06:07,978 - INFO - User ádasd logged in successfully
2024-11-28 11:06:33,990 - INFO - Started sharing TN01-KT
2024-11-28 11:06:49,047 - INFO - Started downloading TN01-KT.torrent
2024-11-28 11:07:07,045 - INFO - Started sharing ideaIU-2024.2.1.exe
2024-11-28 11:07:43,004 - INFO - Started downloading ideaIU-2024.2.1.exe.torrent
2025-04-21 22:14:07,540 - INFO - User meo logged in successfully
2025-04-21 22:14:07,747 - ERROR - Failed to update status bar: 'NoneType' object is not subscriptable
2025-04-21 22:14:08,761 - ERROR - Failed to update status bar: 'NoneType' object is not subscriptable
2025-04-21 22:14:15,165 - INFO - Started sharing 2210140 - Tran Nhu Mai Anh.docx
