2025-04-21 22:10:42,413 - INFO - User meo logged in successfully
2025-04-21 22:10:43,029 - ERROR - Failed to update status bar: 'NoneType' object is not subscriptable
2025-04-21 22:12:27,559 - INFO - User meo logged in successfully
2025-04-21 22:12:27,584 - ERROR - Failed to update status bar: 'NoneType' object is not subscriptable
2025-04-21 22:12:28,601 - ERROR - Failed to update status bar: 'NoneType' object is not subscriptable
2025-04-21 22:13:08,136 - ERROR - Failed to update transfers view: division by zero
2025-04-21 22:13:08,140 - INFO - Started sharing Tracker.py
2025-04-21 22:13:08,141 - ERROR - Failed to update transfers view: division by zero
2025-04-21 22:13:08,141 - ERROR - Failed to update peers view: division by zero
2025-04-21 22:13:09,148 - ERROR - Failed to update transfers view: division by zero
2025-04-21 22:13:09,148 - ERROR - Failed to update peers view: division by zero
2025-04-21 22:13:10,148 - ERROR - Failed to update transfers view: division by zero
2025-04-21 22:13:10,148 - ERROR - Failed to update peers view: division by zero
2025-04-21 22:13:11,163 - ERROR - Failed to update transfers view: division by zero
2025-04-21 22:13:11,163 - ERROR - Failed to update peers view: division by zero
2025-04-21 22:13:12,177 - ERROR - Failed to update transfers view: division by zero
2025-04-21 22:13:12,177 - ERROR - Failed to update peers view: division by zero
2025-04-21 22:13:13,178 - ERROR - Failed to update transfers view: division by zero
2025-04-21 22:13:13,178 - ERROR - Failed to update peers view: division by zero
2025-04-21 22:13:14,189 - ERROR - Failed to update transfers view: division by zero
2025-04-21 22:13:14,189 - ERROR - Failed to update peers view: division by zero
2025-04-21 22:13:15,189 - ERROR - Failed to update transfers view: division by zero
2025-04-21 22:13:15,190 - ERROR - Failed to update peers view: division by zero
2025-04-21 22:13:16,192 - ERROR - Failed to update transfers view: division by zero
2025-04-21 22:13:16,192 - ERROR - Failed to update peers view: division by zero
2025-04-21 22:13:17,205 - ERROR - Failed to update transfers view: division by zero
2025-04-21 22:13:17,205 - ERROR - Failed to update peers view: division by zero
2025-04-21 22:13:18,218 - ERROR - Failed to update transfers view: division by zero
2025-04-21 22:13:18,218 - ERROR - Failed to update peers view: division by zero
2025-04-21 22:13:19,219 - ERROR - Failed to update transfers view: division by zero
2025-04-21 22:13:19,219 - ERROR - Failed to update peers view: division by zero
2025-04-21 22:13:20,227 - ERROR - Failed to update transfers view: division by zero
2025-04-21 22:13:20,228 - ERROR - Failed to update peers view: division by zero
2025-04-21 22:13:21,229 - ERROR - Failed to update transfers view: division by zero
2025-04-21 22:13:21,229 - ERROR - Failed to update peers view: division by zero
2025-04-21 22:13:22,240 - ERROR - Failed to update transfers view: division by zero
2025-04-21 22:13:22,240 - ERROR - Failed to update peers view: division by zero
2025-04-21 22:13:23,246 - ERROR - Failed to update transfers view: division by zero
2025-04-21 22:13:23,246 - ERROR - Failed to update peers view: division by zero
2025-04-21 22:13:24,259 - ERROR - Failed to update transfers view: division by zero
2025-04-21 22:13:24,259 - ERROR - Failed to update peers view: division by zero
2025-04-21 22:13:25,271 - ERROR - Failed to update transfers view: division by zero
2025-04-21 22:13:25,271 - ERROR - Failed to update peers view: division by zero
2025-04-21 22:13:26,286 - ERROR - Failed to update transfers view: division by zero
2025-04-21 22:13:26,286 - ERROR - Failed to update peers view: division by zero
2025-04-21 22:13:27,292 - ERROR - Failed to update transfers view: division by zero
2025-04-21 22:13:27,293 - ERROR - Failed to update peers view: division by zero
2025-04-21 22:13:28,301 - ERROR - Failed to update transfers view: division by zero
2025-04-21 22:13:28,301 - ERROR - Failed to update peers view: division by zero
2025-04-21 22:13:29,301 - ERROR - Failed to update transfers view: division by zero
2025-04-21 22:13:29,301 - ERROR - Failed to update peers view: division by zero
2025-04-21 22:13:30,310 - ERROR - Failed to update transfers view: division by zero
2025-04-21 22:13:30,310 - ERROR - Failed to update peers view: division by zero
2025-04-21 22:13:31,316 - ERROR - Failed to update transfers view: division by zero
2025-04-21 22:13:31,316 - ERROR - Failed to update peers view: division by zero
2025-04-21 22:13:32,014 - ERROR - Failed to update transfers view: division by zero
2025-04-21 22:13:32,015 - INFO - Started sharing Tracker.py
2025-04-21 22:13:32,331 - ERROR - Failed to update transfers view: division by zero
2025-04-21 22:13:32,331 - ERROR - Failed to update peers view: division by zero
2025-04-21 22:13:33,334 - ERROR - Failed to update transfers view: division by zero
2025-04-21 22:13:33,334 - ERROR - Failed to update peers view: division by zero
2025-04-21 22:13:34,349 - ERROR - Failed to update transfers view: division by zero
2025-04-21 22:13:34,349 - ERROR - Failed to update peers view: division by zero
2025-04-21 22:13:35,349 - ERROR - Failed to update transfers view: division by zero
2025-04-21 22:13:35,349 - ERROR - Failed to update peers view: division by zero
2025-04-21 22:13:36,360 - ERROR - Failed to update transfers view: division by zero
2025-04-21 22:13:36,360 - ERROR - Failed to update peers view: division by zero
2025-04-21 22:13:37,370 - ERROR - Failed to update transfers view: division by zero
2025-04-21 22:13:37,370 - ERROR - Failed to update peers view: division by zero
2025-04-21 22:13:38,371 - ERROR - Failed to update transfers view: division by zero
2025-04-21 22:13:38,371 - ERROR - Failed to update peers view: division by zero
2025-04-21 22:13:39,376 - ERROR - Failed to update transfers view: division by zero
2025-04-21 22:13:39,376 - ERROR - Failed to update peers view: division by zero
2025-04-21 22:13:40,378 - ERROR - Failed to update transfers view: division by zero
2025-04-21 22:13:40,378 - ERROR - Failed to update peers view: division by zero
2025-04-21 22:13:41,393 - ERROR - Failed to update transfers view: division by zero
2025-04-21 22:13:41,393 - ERROR - Failed to update peers view: division by zero
2025-04-21 22:13:42,397 - ERROR - Failed to update transfers view: division by zero
2025-04-21 22:13:42,397 - ERROR - Failed to update peers view: division by zero
2025-04-21 22:13:43,409 - ERROR - Failed to update transfers view: division by zero
2025-04-21 22:13:43,409 - ERROR - Failed to update peers view: division by zero
2025-04-21 22:13:44,421 - ERROR - Failed to update transfers view: division by zero
2025-04-21 22:13:44,421 - ERROR - Failed to update peers view: division by zero
2025-04-21 22:13:45,433 - ERROR - Failed to update transfers view: division by zero
2025-04-21 22:13:45,433 - ERROR - Failed to update peers view: division by zero
2025-04-21 22:13:46,544 - ERROR - Failed to update transfers view: division by zero
2025-04-21 22:13:46,544 - INFO - Started sharing [GiaoTrinh] - IoT - Python - Final (2).pdf
2025-04-21 22:13:46,545 - ERROR - Failed to update transfers view: division by zero
2025-04-21 22:13:46,545 - ERROR - Failed to update peers view: division by zero
2025-04-21 22:13:47,560 - ERROR - Failed to update transfers view: division by zero
2025-04-21 22:13:47,560 - ERROR - Failed to update peers view: division by zero
2025-04-21 22:13:48,568 - ERROR - Failed to update transfers view: division by zero
2025-04-21 22:13:48,568 - ERROR - Failed to update peers view: division by zero
2025-04-21 22:13:49,582 - ERROR - Failed to update transfers view: division by zero
2025-04-21 22:13:49,582 - ERROR - Failed to update peers view: division by zero
2025-04-21 22:13:50,583 - ERROR - Failed to update transfers view: division by zero
2025-04-21 22:13:50,583 - ERROR - Failed to update peers view: division by zero
2025-04-21 22:13:51,582 - ERROR - Failed to update transfers view: division by zero
2025-04-21 22:13:51,583 - ERROR - Failed to update peers view: division by zero
2025-04-21 22:13:52,595 - ERROR - Failed to update transfers view: division by zero
2025-04-21 22:13:52,595 - ERROR - Failed to update peers view: division by zero
2025-04-21 22:13:53,595 - ERROR - Failed to update transfers view: division by zero
2025-04-21 22:13:53,595 - ERROR - Failed to update peers view: division by zero
2025-04-21 22:13:54,598 - ERROR - Failed to update transfers view: division by zero
2025-04-21 22:13:54,598 - ERROR - Failed to update peers view: division by zero
2025-04-21 22:13:55,612 - ERROR - Failed to update transfers view: division by zero
2025-04-21 22:13:55,612 - ERROR - Failed to update peers view: division by zero
2025-04-21 22:13:56,626 - ERROR - Failed to update transfers view: division by zero
2025-04-21 22:13:56,626 - ERROR - Failed to update peers view: division by zero
2025-04-21 22:24:39,422 - INFO - User mem logged in successfully
2025-04-21 22:24:40,022 - ERROR - Failed to update status bar: 'NoneType' object is not subscriptable
2025-04-21 22:24:45,319 - INFO - Started sharing [GiaoTrinh] - IoT - Python - Final (2).pdf
2025-04-21 22:27:40,334 - INFO - User 2 logged in successfully
2025-04-21 22:27:41,247 - ERROR - Failed to update status bar: 'NoneType' object is not subscriptable
2025-04-21 22:28:22,326 - INFO - Started downloading [GiaoTrinh] - IoT - Python - Final (2).pdf.torrent
2025-04-21 22:28:49,344 - INFO - Started scraping Tracker.py.torrent
2025-04-21 22:28:49,345 - ERROR - Failed to update peers view: division by zero
2025-04-21 22:28:50,358 - ERROR - Failed to update peers view: division by zero
2025-04-21 22:28:51,374 - ERROR - Failed to update peers view: division by zero
2025-04-21 22:28:52,383 - ERROR - Failed to update peers view: division by zero
2025-04-21 22:28:53,396 - ERROR - Failed to update peers view: division by zero
2025-04-21 22:28:54,409 - ERROR - Failed to update peers view: division by zero
2025-04-21 22:28:55,424 - ERROR - Failed to update peers view: division by zero
2025-04-21 22:28:56,426 - ERROR - Failed to update peers view: division by zero
2025-04-21 22:28:57,430 - ERROR - Failed to update peers view: division by zero
2025-04-21 22:28:58,444 - ERROR - Failed to update peers view: division by zero
2025-04-21 22:28:59,445 - ERROR - Failed to update peers view: division by zero
2025-04-21 22:29:00,460 - ERROR - Failed to update peers view: division by zero
2025-04-21 22:29:01,475 - ERROR - Failed to update peers view: division by zero
2025-04-21 22:29:02,488 - ERROR - Failed to update peers view: division by zero
2025-04-21 22:29:03,503 - ERROR - Failed to update peers view: division by zero
2025-04-21 22:29:04,519 - ERROR - Failed to update peers view: division by zero
2025-04-21 22:29:05,533 - ERROR - Failed to update peers view: division by zero
2025-04-21 22:29:06,547 - ERROR - Failed to update peers view: division by zero
2025-04-21 22:29:07,549 - ERROR - Failed to update peers view: division by zero
2025-04-21 22:29:08,562 - ERROR - Failed to update peers view: division by zero
2025-04-21 22:29:09,579 - ERROR - Failed to update peers view: division by zero
2025-04-21 22:29:10,592 - ERROR - Failed to update peers view: division by zero
2025-04-21 22:29:11,602 - ERROR - Failed to update peers view: division by zero
2025-04-21 22:29:12,605 - ERROR - Failed to update peers view: division by zero
2025-04-21 22:29:13,619 - ERROR - Failed to update peers view: division by zero
2025-04-21 22:29:14,635 - ERROR - Failed to update peers view: division by zero
2025-04-21 22:29:15,636 - ERROR - Failed to update peers view: division by zero
2025-04-21 22:29:16,646 - ERROR - Failed to update peers view: division by zero
2025-04-21 22:29:17,660 - ERROR - Failed to update peers view: division by zero
2025-04-21 22:29:18,662 - ERROR - Failed to update peers view: division by zero
2025-04-21 22:29:19,677 - ERROR - Failed to update peers view: division by zero
2025-04-21 22:29:20,689 - ERROR - Failed to update peers view: division by zero
2025-04-21 22:29:21,693 - ERROR - Failed to update peers view: division by zero
2025-04-21 22:29:22,705 - ERROR - Failed to update peers view: division by zero
2025-04-21 22:29:23,718 - ERROR - Failed to update peers view: division by zero
2025-04-21 22:29:24,729 - ERROR - Failed to update peers view: division by zero
2025-04-21 22:29:25,735 - ERROR - Failed to update peers view: division by zero
2025-04-21 22:29:26,742 - ERROR - Failed to update peers view: division by zero
2025-04-21 22:29:27,749 - ERROR - Failed to update peers view: division by zero
2025-04-21 22:29:28,753 - ERROR - Failed to update peers view: division by zero
2025-04-21 22:29:29,763 - ERROR - Failed to update peers view: division by zero
2025-04-21 22:29:30,775 - ERROR - Failed to update peers view: division by zero
2025-04-21 22:29:31,779 - ERROR - Failed to update peers view: division by zero
2025-04-21 22:29:32,791 - ERROR - Failed to update peers view: division by zero
2025-04-21 22:29:33,805 - ERROR - Failed to update peers view: division by zero
2025-04-21 22:29:34,807 - ERROR - Failed to update peers view: division by zero
2025-04-21 22:29:35,819 - ERROR - Failed to update peers view: division by zero
2025-04-21 22:29:36,823 - ERROR - Failed to update peers view: division by zero
2025-04-21 22:29:37,833 - ERROR - Failed to update peers view: division by zero
2025-04-21 22:29:38,848 - ERROR - Failed to update peers view: division by zero
2025-04-21 22:29:39,851 - ERROR - Failed to update peers view: division by zero
2025-04-21 22:29:40,866 - ERROR - Failed to update peers view: division by zero
2025-04-21 22:29:41,875 - ERROR - Failed to update peers view: division by zero
2025-04-21 22:29:42,886 - ERROR - Failed to update peers view: division by zero
2025-04-21 22:29:43,889 - ERROR - Failed to update peers view: division by zero
2025-04-21 22:29:44,894 - ERROR - Failed to update peers view: division by zero
2025-04-21 22:29:45,902 - ERROR - Failed to update peers view: division by zero
2025-04-21 22:29:46,912 - ERROR - Failed to update peers view: division by zero
2025-04-21 22:29:47,925 - ERROR - Failed to update peers view: division by zero
2025-04-21 22:29:48,926 - ERROR - Failed to update peers view: division by zero
2025-04-21 22:29:49,931 - ERROR - Failed to update peers view: division by zero
2025-04-21 22:29:50,942 - ERROR - Failed to update peers view: division by zero
2025-04-21 22:29:51,954 - ERROR - Failed to update peers view: division by zero
2025-04-21 22:29:52,956 - ERROR - Failed to update peers view: division by zero
2025-04-21 22:29:53,969 - ERROR - Failed to update peers view: division by zero
2025-04-21 22:29:54,971 - ERROR - Failed to update peers view: division by zero
2025-04-21 22:29:55,973 - ERROR - Failed to update peers view: division by zero
2025-04-21 22:29:56,987 - ERROR - Failed to update peers view: division by zero
2025-04-21 22:29:57,998 - ERROR - Failed to update peers view: division by zero
2025-04-21 22:29:59,000 - ERROR - Failed to update peers view: division by zero
2025-04-21 22:30:00,013 - ERROR - Failed to update peers view: division by zero
2025-04-21 22:30:01,016 - ERROR - Failed to update peers view: division by zero
2025-04-21 22:30:02,034 - ERROR - Failed to update peers view: division by zero
2025-04-21 22:30:03,050 - ERROR - Failed to update peers view: division by zero
2025-04-21 22:30:04,050 - ERROR - Failed to update peers view: division by zero
2025-04-21 22:30:05,062 - ERROR - Failed to update peers view: division by zero
2025-04-21 22:30:06,076 - ERROR - Failed to update peers view: division by zero
2025-04-21 22:30:07,077 - ERROR - Failed to update peers view: division by zero
2025-04-21 22:30:08,083 - ERROR - Failed to update peers view: division by zero
2025-04-21 22:30:09,099 - ERROR - Failed to update peers view: division by zero
2025-04-21 22:30:10,114 - ERROR - Failed to update peers view: division by zero
2025-04-21 22:30:11,128 - ERROR - Failed to update peers view: division by zero
2025-04-21 22:30:12,140 - ERROR - Failed to update peers view: division by zero
2025-04-21 22:30:13,163 - ERROR - Failed to update peers view: division by zero
2025-04-21 22:30:14,165 - ERROR - Failed to update peers view: division by zero
2025-04-21 22:30:15,166 - ERROR - Failed to update peers view: division by zero
2025-04-21 22:30:16,180 - ERROR - Failed to update peers view: division by zero
2025-04-21 22:30:17,195 - ERROR - Failed to update peers view: division by zero
2025-04-21 22:30:18,385 - INFO - Disconnected peer: -PY0001-n0nbinuYVHnP
2025-04-21 22:30:18,386 - ERROR - Failed to update peers view: division by zero
2025-04-21 22:30:18,386 - ERROR - Failed to update peers view: division by zero
2025-04-21 22:30:19,390 - ERROR - Failed to update peers view: division by zero
2025-04-21 22:30:20,393 - ERROR - Failed to update peers view: division by zero
2025-04-21 22:30:21,405 - ERROR - Failed to update peers view: division by zero
2025-04-21 22:30:22,411 - ERROR - Failed to update peers view: division by zero
2025-04-21 22:30:23,413 - ERROR - Failed to update peers view: division by zero
2025-04-21 22:30:24,414 - ERROR - Failed to update peers view: division by zero
2025-04-21 22:30:25,423 - ERROR - Failed to update peers view: division by zero
2025-04-21 22:30:26,425 - ERROR - Failed to update peers view: division by zero
2025-04-21 22:30:27,441 - ERROR - Failed to update peers view: division by zero
2025-04-21 22:30:28,456 - ERROR - Failed to update peers view: division by zero
2025-04-21 22:30:29,470 - ERROR - Failed to update peers view: division by zero
2025-04-21 22:30:30,484 - ERROR - Failed to update peers view: division by zero
2025-04-21 22:30:31,497 - ERROR - Failed to update peers view: division by zero
2025-04-21 22:30:32,511 - ERROR - Failed to update peers view: division by zero
2025-04-21 22:30:33,530 - ERROR - Failed to update peers view: division by zero
2025-04-21 22:30:34,547 - ERROR - Failed to update peers view: division by zero
2025-04-21 22:30:35,560 - ERROR - Failed to update peers view: division by zero
2025-04-21 22:30:36,573 - ERROR - Failed to update peers view: division by zero
2025-04-21 22:30:37,586 - ERROR - Failed to update peers view: division by zero
2025-04-21 22:30:38,602 - ERROR - Failed to update peers view: division by zero
2025-04-21 22:30:39,616 - ERROR - Failed to update peers view: division by zero
2025-04-21 22:30:40,626 - ERROR - Failed to update peers view: division by zero
2025-04-21 22:30:41,638 - ERROR - Failed to update peers view: division by zero
2025-04-21 22:30:42,650 - ERROR - Failed to update peers view: division by zero
2025-04-21 22:30:43,663 - ERROR - Failed to update peers view: division by zero
2025-04-21 22:30:44,665 - ERROR - Failed to update peers view: division by zero
2025-04-21 22:30:45,668 - ERROR - Failed to update peers view: division by zero
2025-04-21 22:30:46,674 - ERROR - Failed to update peers view: division by zero
2025-04-21 22:30:47,684 - ERROR - Failed to update peers view: division by zero
2025-04-21 22:30:48,687 - ERROR - Failed to update peers view: division by zero
2025-04-21 22:30:49,700 - ERROR - Failed to update peers view: division by zero
2025-04-21 22:30:50,714 - ERROR - Failed to update peers view: division by zero
2025-04-21 22:30:51,723 - ERROR - Failed to update peers view: division by zero
2025-04-21 22:30:52,725 - ERROR - Failed to update peers view: division by zero
2025-04-21 22:30:53,739 - ERROR - Failed to update peers view: division by zero
2025-04-21 22:30:54,745 - ERROR - Failed to update peers view: division by zero
2025-04-21 22:30:55,755 - ERROR - Failed to update peers view: division by zero
2025-04-21 22:30:56,770 - ERROR - Failed to update peers view: division by zero
2025-04-21 22:30:57,784 - ERROR - Failed to update peers view: division by zero
2025-04-21 22:30:58,797 - ERROR - Failed to update peers view: division by zero
2025-04-21 22:30:59,799 - ERROR - Failed to update peers view: division by zero
2025-04-21 22:31:00,809 - ERROR - Failed to update peers view: division by zero
2025-04-21 22:31:01,821 - ERROR - Failed to update peers view: division by zero
2025-04-21 22:31:02,823 - ERROR - Failed to update peers view: division by zero
2025-04-21 22:31:03,838 - ERROR - Failed to update peers view: division by zero
2025-04-21 22:31:04,850 - ERROR - Failed to update peers view: division by zero
2025-04-21 22:31:05,855 - ERROR - Failed to update peers view: division by zero
2025-04-21 22:31:06,867 - ERROR - Failed to update peers view: division by zero
2025-04-21 22:31:07,871 - ERROR - Failed to update peers view: division by zero
2025-04-21 22:31:08,874 - ERROR - Failed to update peers view: division by zero
2025-04-21 22:31:10,202 - ERROR - Failed to update peers view: division by zero
2025-04-21 22:31:11,215 - ERROR - Failed to update peers view: division by zero
2025-04-21 22:31:12,219 - ERROR - Failed to update peers view: division by zero
2025-04-21 22:31:12,532 - INFO - Started downloading [GiaoTrinh] - IoT - Python - Final (2).pdf.torrent
2025-04-21 22:31:13,225 - ERROR - Failed to update peers view: division by zero
2025-04-21 22:31:14,226 - ERROR - Failed to update peers view: division by zero
2025-04-21 22:31:15,241 - ERROR - Failed to update peers view: division by zero
2025-04-21 22:31:16,245 - ERROR - Failed to update peers view: division by zero
2025-04-21 22:31:17,256 - ERROR - Failed to update peers view: division by zero
2025-04-21 22:31:18,257 - ERROR - Failed to update peers view: division by zero
2025-04-21 22:31:19,269 - ERROR - Failed to update peers view: division by zero
2025-04-21 22:31:20,282 - ERROR - Failed to update peers view: division by zero
2025-04-21 22:31:21,288 - ERROR - Failed to update peers view: division by zero
2025-04-21 22:31:22,303 - ERROR - Failed to update peers view: division by zero
2025-04-21 22:31:23,334 - ERROR - Failed to update peers view: division by zero
2025-04-21 22:31:24,347 - ERROR - Failed to update peers view: division by zero
2025-04-21 22:31:25,360 - ERROR - Failed to update peers view: division by zero
2025-04-21 22:31:26,366 - ERROR - Failed to update peers view: division by zero
2025-04-21 22:31:27,374 - ERROR - Failed to update peers view: division by zero
2025-04-21 22:31:28,377 - ERROR - Failed to update peers view: division by zero
2025-04-21 22:31:29,379 - ERROR - Failed to update peers view: division by zero
2025-04-21 22:31:30,390 - ERROR - Failed to update peers view: division by zero
2025-04-21 22:31:31,391 - ERROR - Failed to update peers view: division by zero
2025-04-21 22:31:32,405 - ERROR - Failed to update peers view: division by zero
2025-04-21 22:31:33,413 - ERROR - Failed to update peers view: division by zero
2025-04-21 22:31:34,418 - ERROR - Failed to update peers view: division by zero
2025-04-21 22:31:35,433 - ERROR - Failed to update peers view: division by zero
2025-04-21 22:31:36,438 - ERROR - Failed to update peers view: division by zero
2025-04-21 22:31:37,442 - ERROR - Failed to update peers view: division by zero
2025-04-21 22:31:38,443 - ERROR - Failed to update peers view: division by zero
2025-04-21 22:31:39,461 - ERROR - Failed to update peers view: division by zero
2025-04-21 22:31:40,470 - ERROR - Failed to update peers view: division by zero
2025-04-21 22:31:41,484 - ERROR - Failed to update peers view: division by zero
2025-04-21 22:31:42,486 - ERROR - Failed to update peers view: division by zero
2025-04-21 22:31:43,501 - ERROR - Failed to update peers view: division by zero
2025-04-21 22:31:44,511 - ERROR - Failed to update peers view: division by zero
2025-04-21 22:31:45,526 - ERROR - Failed to update peers view: division by zero
2025-04-21 22:31:46,538 - ERROR - Failed to update peers view: division by zero
2025-04-21 22:31:47,547 - ERROR - Failed to update peers view: division by zero
2025-04-21 22:31:48,559 - ERROR - Failed to update peers view: division by zero
2025-04-21 22:31:49,572 - ERROR - Failed to update peers view: division by zero
2025-04-21 22:31:50,580 - ERROR - Failed to update peers view: division by zero
2025-04-21 22:31:50,787 - INFO - User mlm logged in successfully
2025-04-21 22:31:50,837 - ERROR - Failed to update status bar: 'NoneType' object is not subscriptable
2025-04-21 22:31:51,591 - ERROR - Failed to update peers view: division by zero
2025-04-21 22:31:52,594 - ERROR - Failed to update peers view: division by zero
2025-04-21 22:31:53,601 - ERROR - Failed to update peers view: division by zero
2025-04-21 22:31:54,609 - ERROR - Failed to update peers view: division by zero
2025-04-21 22:31:55,614 - ERROR - Failed to update peers view: division by zero
2025-04-21 22:31:56,627 - ERROR - Failed to update peers view: division by zero
2025-04-21 22:31:57,629 - ERROR - Failed to update peers view: division by zero
2025-04-21 22:31:58,640 - ERROR - Failed to update peers view: division by zero
2025-04-21 22:31:59,655 - ERROR - Failed to update peers view: division by zero
2025-04-21 22:32:00,668 - ERROR - Failed to update peers view: division by zero
2025-04-21 22:32:01,676 - ERROR - Failed to update peers view: division by zero
2025-04-21 22:32:02,678 - ERROR - Failed to update peers view: division by zero
2025-04-21 22:32:03,689 - ERROR - Failed to update peers view: division by zero
2025-04-21 22:32:04,705 - ERROR - Failed to update peers view: division by zero
2025-04-21 22:32:05,709 - ERROR - Failed to update peers view: division by zero
2025-04-21 22:32:06,719 - ERROR - Failed to update peers view: division by zero
2025-04-21 22:32:07,731 - ERROR - Failed to update peers view: division by zero
2025-04-21 22:32:08,743 - ERROR - Failed to update peers view: division by zero
2025-04-21 22:32:09,758 - ERROR - Failed to update peers view: division by zero
2025-04-21 22:32:10,768 - ERROR - Failed to update peers view: division by zero
2025-04-21 22:32:11,784 - ERROR - Failed to update peers view: division by zero
2025-04-21 22:32:12,797 - ERROR - Failed to update peers view: division by zero
2025-04-21 22:32:13,815 - ERROR - Failed to update peers view: division by zero
2025-04-21 22:32:14,827 - ERROR - Failed to update peers view: division by zero
2025-04-21 22:32:15,839 - ERROR - Failed to update peers view: division by zero
2025-04-21 22:32:16,841 - ERROR - Failed to update peers view: division by zero
2025-04-21 22:32:17,848 - ERROR - Failed to update peers view: division by zero
2025-04-21 22:32:18,865 - ERROR - Failed to update peers view: division by zero
2025-04-21 22:32:19,878 - ERROR - Failed to update peers view: division by zero
2025-04-21 22:32:20,889 - ERROR - Failed to update peers view: division by zero
2025-04-21 22:32:21,890 - ERROR - Failed to update peers view: division by zero
2025-04-21 22:32:22,904 - ERROR - Failed to update peers view: division by zero
2025-04-21 22:32:23,921 - ERROR - Failed to update peers view: division by zero
2025-04-21 22:32:24,931 - ERROR - Failed to update peers view: division by zero
2025-04-21 22:32:25,941 - ERROR - Failed to update peers view: division by zero
2025-04-21 22:32:26,948 - ERROR - Failed to update peers view: division by zero
2025-04-21 22:32:27,959 - ERROR - Failed to update peers view: division by zero
2025-04-21 22:32:28,969 - ERROR - Failed to update peers view: division by zero
2025-04-21 22:32:29,972 - ERROR - Failed to update peers view: division by zero
2025-04-21 22:32:30,981 - ERROR - Failed to update peers view: division by zero
2025-04-21 22:32:31,985 - ERROR - Failed to update peers view: division by zero
2025-04-21 22:32:32,989 - ERROR - Failed to update peers view: division by zero
2025-04-21 22:32:34,004 - ERROR - Failed to update peers view: division by zero
2025-04-21 22:32:35,010 - ERROR - Failed to update peers view: division by zero
2025-04-21 22:32:36,013 - ERROR - Failed to update peers view: division by zero
2025-04-21 22:32:37,020 - ERROR - Failed to update peers view: division by zero
2025-04-21 22:32:38,028 - ERROR - Failed to update peers view: division by zero
2025-04-21 22:32:39,038 - ERROR - Failed to update peers view: division by zero
2025-04-21 22:32:40,051 - ERROR - Failed to update peers view: division by zero
2025-04-21 22:32:41,065 - ERROR - Failed to update peers view: division by zero
2025-04-21 22:32:42,078 - ERROR - Failed to update peers view: division by zero
2025-04-21 22:32:43,092 - ERROR - Failed to update peers view: division by zero
2025-04-21 22:32:44,105 - ERROR - Failed to update peers view: division by zero
2025-04-21 22:32:45,116 - ERROR - Failed to update peers view: division by zero
2025-04-21 22:32:46,124 - ERROR - Failed to update peers view: division by zero
2025-04-21 22:32:47,126 - ERROR - Failed to update peers view: division by zero
2025-04-21 22:32:48,140 - ERROR - Failed to update peers view: division by zero
2025-04-21 22:32:49,155 - ERROR - Failed to update peers view: division by zero
2025-04-21 22:32:50,166 - ERROR - Failed to update peers view: division by zero
2025-04-21 22:32:51,180 - ERROR - Failed to update peers view: division by zero
2025-04-21 22:32:52,191 - ERROR - Failed to update peers view: division by zero
2025-04-21 22:32:53,207 - ERROR - Failed to update peers view: division by zero
2025-04-21 22:32:54,222 - ERROR - Failed to update peers view: division by zero
2025-04-21 22:32:55,235 - ERROR - Failed to update peers view: division by zero
2025-04-21 22:32:56,242 - ERROR - Failed to update peers view: division by zero
2025-04-21 22:32:57,254 - ERROR - Failed to update peers view: division by zero
2025-04-21 22:32:58,258 - ERROR - Failed to update peers view: division by zero
2025-04-21 22:32:59,267 - ERROR - Failed to update peers view: division by zero
2025-04-21 22:33:00,279 - ERROR - Failed to update peers view: division by zero
2025-04-21 22:33:01,289 - ERROR - Failed to update peers view: division by zero
2025-04-21 22:33:02,302 - ERROR - Failed to update peers view: division by zero
2025-04-21 22:33:03,312 - ERROR - Failed to update peers view: division by zero
2025-04-21 22:33:04,323 - ERROR - Failed to update peers view: division by zero
2025-04-21 22:33:05,328 - ERROR - Failed to update peers view: division by zero
2025-04-21 22:33:06,340 - ERROR - Failed to update peers view: division by zero
2025-04-21 22:33:07,124 - INFO - Started sharing 2025-04-09 19-33-23.mkv
2025-04-21 22:33:07,353 - ERROR - Failed to update peers view: division by zero
2025-04-21 22:33:08,365 - ERROR - Failed to update peers view: division by zero
2025-04-21 22:33:09,372 - ERROR - Failed to update peers view: division by zero
2025-04-21 22:33:10,377 - ERROR - Failed to update peers view: division by zero
2025-04-21 22:33:11,379 - ERROR - Failed to update peers view: division by zero
2025-04-21 22:33:12,382 - ERROR - Failed to update peers view: division by zero
2025-04-21 22:33:13,391 - ERROR - Failed to update peers view: division by zero
2025-04-21 22:33:14,406 - ERROR - Failed to update peers view: division by zero
2025-04-21 22:33:15,417 - ERROR - Failed to update peers view: division by zero
2025-04-21 22:33:16,424 - ERROR - Failed to update peers view: division by zero
2025-04-21 22:33:17,425 - ERROR - Failed to update peers view: division by zero
2025-04-21 22:33:18,427 - ERROR - Failed to update peers view: division by zero
2025-04-21 22:33:19,441 - ERROR - Failed to update peers view: division by zero
2025-04-21 22:33:20,454 - ERROR - Failed to update peers view: division by zero
2025-04-21 22:33:21,469 - ERROR - Failed to update peers view: division by zero
2025-04-21 22:33:22,475 - ERROR - Failed to update peers view: division by zero
2025-04-21 22:33:23,491 - ERROR - Failed to update peers view: division by zero
2025-04-21 22:33:24,500 - ERROR - Failed to update peers view: division by zero
2025-04-21 22:33:25,504 - ERROR - Failed to update peers view: division by zero
2025-04-21 22:33:26,511 - ERROR - Failed to update peers view: division by zero
2025-04-21 22:33:27,521 - ERROR - Failed to update peers view: division by zero
2025-04-21 22:33:28,536 - ERROR - Failed to update peers view: division by zero
2025-04-21 22:33:29,545 - ERROR - Failed to update peers view: division by zero
2025-04-21 22:33:30,561 - ERROR - Failed to update peers view: division by zero
2025-04-21 22:33:31,572 - ERROR - Failed to update peers view: division by zero
2025-04-21 22:33:32,574 - ERROR - Failed to update peers view: division by zero
2025-04-21 22:33:33,586 - ERROR - Failed to update peers view: division by zero
2025-04-21 22:33:34,602 - ERROR - Failed to update peers view: division by zero
2025-04-21 22:33:35,611 - ERROR - Failed to update peers view: division by zero
2025-04-21 22:33:36,611 - ERROR - Failed to update peers view: division by zero
2025-04-21 22:33:37,622 - ERROR - Failed to update peers view: division by zero
2025-04-21 22:33:38,636 - ERROR - Failed to update peers view: division by zero
2025-04-21 22:33:39,650 - ERROR - Failed to update peers view: division by zero
2025-04-21 22:33:40,664 - ERROR - Failed to update peers view: division by zero
2025-04-21 22:33:41,678 - ERROR - Failed to update peers view: division by zero
2025-04-21 22:33:42,681 - ERROR - Failed to update peers view: division by zero
2025-04-21 22:33:43,693 - ERROR - Failed to update peers view: division by zero
2025-04-21 22:33:44,703 - ERROR - Failed to update peers view: division by zero
2025-04-21 22:33:45,709 - ERROR - Failed to update peers view: division by zero
2025-04-21 22:33:46,712 - ERROR - Failed to update peers view: division by zero
2025-04-21 22:33:47,717 - ERROR - Failed to update peers view: division by zero
2025-04-21 22:33:48,719 - ERROR - Failed to update peers view: division by zero
2025-04-21 22:33:49,728 - ERROR - Failed to update peers view: division by zero
2025-04-21 22:33:50,739 - ERROR - Failed to update peers view: division by zero
2025-04-21 22:33:51,744 - ERROR - Failed to update peers view: division by zero
2025-04-21 22:33:52,747 - ERROR - Failed to update peers view: division by zero
2025-04-21 22:33:53,760 - ERROR - Failed to update peers view: division by zero
2025-04-21 22:33:54,776 - ERROR - Failed to update peers view: division by zero
2025-04-21 22:33:55,778 - ERROR - Failed to update peers view: division by zero
2025-04-21 22:33:56,779 - ERROR - Failed to update peers view: division by zero
2025-04-21 22:33:57,792 - ERROR - Failed to update peers view: division by zero
2025-04-21 22:33:58,808 - ERROR - Failed to update peers view: division by zero
2025-04-21 22:33:59,817 - ERROR - Failed to update peers view: division by zero
2025-04-21 22:34:00,831 - ERROR - Failed to update peers view: division by zero
2025-04-21 22:34:01,841 - ERROR - Failed to update peers view: division by zero
2025-04-21 22:34:02,854 - ERROR - Failed to update peers view: division by zero
2025-04-21 22:34:03,858 - ERROR - Failed to update peers view: division by zero
2025-04-21 22:34:04,862 - ERROR - Failed to update peers view: division by zero
2025-04-21 22:34:05,876 - ERROR - Failed to update peers view: division by zero
2025-04-21 22:34:06,879 - ERROR - Failed to update peers view: division by zero
2025-04-21 22:34:07,889 - ERROR - Failed to update peers view: division by zero
2025-04-21 22:34:08,891 - ERROR - Failed to update peers view: division by zero
2025-04-21 22:34:09,905 - ERROR - Failed to update peers view: division by zero
2025-04-21 22:34:10,912 - ERROR - Failed to update peers view: division by zero
2025-04-21 22:34:11,914 - ERROR - Failed to update peers view: division by zero
2025-04-21 22:34:12,927 - ERROR - Failed to update peers view: division by zero
2025-04-21 22:34:13,940 - ERROR - Failed to update peers view: division by zero
2025-04-21 22:34:14,954 - ERROR - Failed to update peers view: division by zero
2025-04-21 22:34:15,967 - ERROR - Failed to update peers view: division by zero
2025-04-21 22:34:16,970 - ERROR - Failed to update peers view: division by zero
2025-04-21 22:34:17,983 - ERROR - Failed to update peers view: division by zero
2025-04-21 22:34:18,985 - ERROR - Failed to update peers view: division by zero
2025-04-21 22:34:19,997 - ERROR - Failed to update peers view: division by zero
2025-04-21 22:34:21,010 - ERROR - Failed to update peers view: division by zero
2025-04-21 22:34:22,026 - ERROR - Failed to update peers view: division by zero
2025-04-21 22:34:23,039 - ERROR - Failed to update peers view: division by zero
2025-04-21 22:34:24,053 - ERROR - Failed to update peers view: division by zero
2025-04-21 22:34:25,063 - ERROR - Failed to update peers view: division by zero
2025-04-21 22:34:26,075 - ERROR - Failed to update peers view: division by zero
2025-04-21 22:34:27,088 - ERROR - Failed to update peers view: division by zero
2025-04-21 22:34:28,097 - ERROR - Failed to update peers view: division by zero
2025-04-21 22:35:16,217 - INFO - User maianh logged in successfully
2025-04-21 22:35:16,334 - ERROR - Failed to update status bar: 'NoneType' object is not subscriptable
2025-04-21 22:35:17,349 - ERROR - Failed to update status bar: 'NoneType' object is not subscriptable
2025-04-21 22:35:29,708 - INFO - User maianh2 logged in successfully
2025-04-21 22:35:38,123 - INFO - User maianh3 logged in successfully
2025-04-21 22:35:38,947 - ERROR - Failed to update status bar: 'NoneType' object is not subscriptable
2025-04-21 22:35:46,849 - INFO - User maianh4 logged in successfully
2025-04-21 22:35:47,026 - ERROR - Failed to update status bar: 'NoneType' object is not subscriptable
2025-04-21 22:35:48,038 - ERROR - Failed to update status bar: 'NoneType' object is not subscriptable
2025-04-21 22:36:28,575 - INFO - Started sharing 2025-04-09 19-33-23.mkv
2025-04-21 22:37:22,552 - INFO - Started sharing 2025-04-09 19-33-23.mkv
2025-04-21 22:37:46,234 - INFO - Started downloading 2025-04-09 19-33-23.mkv.torrent
2025-04-21 22:51:10,551 - INFO - Started downloading 2025-04-09 19-33-23.mkv.torrent
2025-04-21 22:51:50,511 - INFO - User last logged in successfully
2025-04-21 22:51:50,661 - ERROR - Failed to update status bar: 'NoneType' object is not subscriptable
2025-04-21 22:52:14,590 - INFO - Started downloading 2025-04-09 19-33-23.mkv.torrent
2025-04-21 22:55:33,969 - INFO - Started scraping 2025-04-09 19-33-23.mkv.torrent
2025-04-21 22:55:46,720 - INFO - Started scraping 2025-04-09 19-33-23.mkv.torrent
